<?xml version="1.0" encoding="UTF-8"?>
<!-- Generated by org.testng.reporters.JUnitXMLReporter -->
<testsuite ignored="4" hostname="LAPTOP-AJMA78HC" failures="0" tests="3" name="Test" time="32.776" errors="0" timestamp="2023-02-19T17:09:09 IST">
  <testcase classname="testcases.LoginPageTest" name="verifyLoginPage" time="0.999"/>
  <testcase classname="testcases.AdminMenuTest" name="verifySearchUser" time="5.452"/>
  <testcase classname="testcases.AdminMenuManageRoleTest" name="verifyAdminMenuManageRole" time="15.268"/>
  <testcase classname="base.BaseClass" name="@BeforeSuite beforeSuite" time="0.0">
    <ignored/>
  </testcase> <!-- @BeforeSuite beforeSuite -->
  <testcase classname="base.BaseClass" name="@BeforeSuite beforeSuite" time="0.0">
    <ignored/>
  </testcase> <!-- @BeforeSuite beforeSuite -->
  <testcase classname="base.BaseClass" name="@AfterSuite afterSuite" time="0.0">
    <ignored/>
  </testcase> <!-- @AfterSuite afterSuite -->
  <testcase classname="base.BaseClass" name="@AfterSuite afterSuite" time="0.0">
    <ignored/>
  </testcase> <!-- @AfterSuite afterSuite -->
</testsuite> <!-- Test -->
